<?xml version="1.0" encoding="UTF-8"?>
<robot generator="Robot 6.1.1 (Python 3.11.4 on win32)" generated="20230817 20:36:47.915" rpa="false" schemaversion="4">
<suite id="s1" name="RobotFramework" source="C:\Users\User\PycharmProjects\RobotFramework">
<suite id="s1-s1" name="Tests" source="C:\Users\User\PycharmProjects\RobotFramework\tests">
<suite id="s1-s1-s1" name="LoginTestPOM" source="C:\Users\User\PycharmProjects\RobotFramework\tests\LoginTestPOM.robot">
<test id="s1-s1-s1-t1" name="Login Test" line="13">
<kw name="Open My Browser" library="LoginKeywords">
<arg>${SiteUrl}</arg>
<arg>${Browser}</arg>
<kw name="Open Browser" library="SeleniumLibrary">
<arg>${SiteUrl}</arg>
<arg>${Browser}</arg>
<doc>Opens a new browser instance to the optional ``url``.</doc>
<msg timestamp="20230817 20:36:48.231" level="INFO">Opening browser 'chrome' to base url 'https://www.automationexercise.com/'.</msg>
<msg timestamp="20230817 20:36:48.815" level="WARN">The chromedriver version (114.0.5735.90) detected in PATH at C:\Users\User\AppData\Local\Programs\Python\Python311\Scripts\chromedriver.exe might not be compatible with the detected chrome version (115.0.5790.171); currently, chromedriver 115.0.5790.170 is recommended for chrome 115.*, so it is advised to delete the driver in PATH and retry</msg>
<status status="PASS" starttime="20230817 20:36:48.230" endtime="20230817 20:36:58.547"/>
</kw>
<kw name="Maximize Browser Window" library="SeleniumLibrary">
<doc>Maximizes current browser window.</doc>
<status status="PASS" starttime="20230817 20:36:58.547" endtime="20230817 20:36:58.714"/>
</kw>
<status status="PASS" starttime="20230817 20:36:48.230" endtime="20230817 20:36:58.715"/>
</kw>
<kw name="Click Login Link" library="LoginKeywords">
<kw name="Click Link" library="SeleniumLibrary">
<arg>${link_loginSignup}</arg>
<doc>Clicks a link identified by ``locator``.</doc>
<msg timestamp="20230817 20:36:58.716" level="INFO">Clicking link 'xpath://a[normalize-space()='Signup / Login']'.</msg>
<status status="PASS" starttime="20230817 20:36:58.716" endtime="20230817 20:36:59.656"/>
</kw>
<status status="PASS" starttime="20230817 20:36:58.715" endtime="20230817 20:36:59.656"/>
</kw>
<kw name="Enter Email" library="LoginKeywords">
<arg>${email}</arg>
<kw name="Input Text" library="SeleniumLibrary">
<arg>${txt_loginUserEmail}</arg>
<arg>${Email}</arg>
<doc>Types the given ``text`` into the text field identified by ``locator``.</doc>
<msg timestamp="20230817 20:36:59.657" level="INFO">Typing text 'automation01@gmail.com' into text field 'css:input[data-qa='login-email']'.</msg>
<status status="PASS" starttime="20230817 20:36:59.656" endtime="20230817 20:36:59.775"/>
</kw>
<status status="PASS" starttime="20230817 20:36:59.656" endtime="20230817 20:36:59.775"/>
</kw>
<kw name="Enter Password" library="LoginKeywords">
<arg>${pwd}</arg>
<kw name="Input Text" library="SeleniumLibrary">
<arg>${txt_loginPassword}</arg>
<arg>${Password}</arg>
<doc>Types the given ``text`` into the text field identified by ``locator``.</doc>
<msg timestamp="20230817 20:36:59.777" level="INFO">Typing text '123456!a' into text field 'css:input[placeholder='Password']'.</msg>
<status status="PASS" starttime="20230817 20:36:59.776" endtime="20230817 20:36:59.884"/>
</kw>
<status status="PASS" starttime="20230817 20:36:59.776" endtime="20230817 20:36:59.884"/>
</kw>
<kw name="Click SignIn Btn" library="LoginKeywords">
<kw name="Click Button" library="SeleniumLibrary">
<arg>${btn_signIn}</arg>
<doc>Clicks the button identified by ``locator``.</doc>
<msg timestamp="20230817 20:36:59.885" level="INFO">Clicking button 'css:button[data-qa='login-button']'.</msg>
<status status="PASS" starttime="20230817 20:36:59.885" endtime="20230817 20:37:07.645"/>
</kw>
<status status="PASS" starttime="20230817 20:36:59.884" endtime="20230817 20:37:07.646"/>
</kw>
<kw name="Sleep" library="BuiltIn">
<arg>2s</arg>
<doc>Pauses the test executed for the given time.</doc>
<msg timestamp="20230817 20:37:09.652" level="INFO">Slept 2 seconds</msg>
<status status="PASS" starttime="20230817 20:37:07.651" endtime="20230817 20:37:09.653"/>
</kw>
<kw name="Verify Successfull Login" library="LoginKeywords">
<kw name="Get Text" library="SeleniumLibrary">
<var>${Login_User_Name}</var>
<arg>css:li a&gt;b</arg>
<doc>Returns the text value of the element identified by ``locator``.</doc>
<msg timestamp="20230817 20:37:09.726" level="INFO">${Login_User_Name} = Automation</msg>
<status status="PASS" starttime="20230817 20:37:09.658" endtime="20230817 20:37:09.726"/>
</kw>
<kw name="Should Be Equal As Strings" library="BuiltIn">
<arg>${Login_User_Name}</arg>
<arg>Automation</arg>
<doc>Fails if objects are unequal after converting them to strings.</doc>
<status status="PASS" starttime="20230817 20:37:09.726" endtime="20230817 20:37:09.727"/>
</kw>
<status status="PASS" starttime="20230817 20:37:09.657" endtime="20230817 20:37:09.727"/>
</kw>
<kw name="Close My Browser" library="LoginKeywords">
<kw name="Close Browser" library="SeleniumLibrary">
<doc>Closes the current browser.</doc>
<status status="PASS" starttime="20230817 20:37:09.729" endtime="20230817 20:37:12.031"/>
</kw>
<status status="PASS" starttime="20230817 20:37:09.729" endtime="20230817 20:37:12.031"/>
</kw>
<status status="PASS" starttime="20230817 20:36:48.229" endtime="20230817 20:37:12.032"/>
</test>
<status status="PASS" starttime="20230817 20:36:47.949" endtime="20230817 20:37:12.034"/>
</suite>
<status status="PASS" starttime="20230817 20:36:47.947" endtime="20230817 20:37:12.036"/>
</suite>
<status status="PASS" starttime="20230817 20:36:47.919" endtime="20230817 20:37:12.037"/>
</suite>
<statistics>
<total>
<stat pass="1" fail="0" skip="0">All Tests</stat>
</total>
<tag>
</tag>
<suite>
<stat pass="1" fail="0" skip="0" id="s1" name="RobotFramework">RobotFramework</stat>
<stat pass="1" fail="0" skip="0" id="s1-s1" name="Tests">RobotFramework.Tests</stat>
<stat pass="1" fail="0" skip="0" id="s1-s1-s1" name="LoginTestPOM">RobotFramework.Tests.LoginTestPOM</stat>
</suite>
</statistics>
<errors>
<msg timestamp="20230817 20:36:48.815" level="WARN">The chromedriver version (114.0.5735.90) detected in PATH at C:\Users\User\AppData\Local\Programs\Python\Python311\Scripts\chromedriver.exe might not be compatible with the detected chrome version (115.0.5790.171); currently, chromedriver 115.0.5790.170 is recommended for chrome 115.*, so it is advised to delete the driver in PATH and retry</msg>
</errors>
</robot>
