<?xml version="1.0" encoding="UTF-8"?>
<robot generator="Robot 6.1.1 (Python 3.11.4 on win32)" generated="20230817 18:11:44.309" rpa="false" schemaversion="4">
<suite id="s1" name="RobotFramework" source="C:\Users\User\PycharmProjects\RobotFramework">
<suite id="s1-s1" name="Tests" source="C:\Users\User\PycharmProjects\RobotFramework\tests">
<suite id="s1-s1-s1" name="LoginTestPOM" source="C:\Users\User\PycharmProjects\RobotFramework\tests\LoginTestPOM.robot">
<test id="s1-s1-s1-t1" name="Login Test" line="13">
<kw name="Open My Browser" library="LoginKeywords">
<arg>${SiteUrl}</arg>
<arg>${Browser}</arg>
<kw name="Open Browser" library="SeleniumLibrary">
<arg>${SiteUrl}</arg>
<arg>${Browser}</arg>
<doc>Opens a new browser instance to the optional ``url``.</doc>
<msg timestamp="20230817 18:11:44.603" level="INFO">Opening browser 'chrome' to base url 'https://www.automationexercise.com/'.</msg>
<msg timestamp="20230817 18:11:45.093" level="WARN">The chromedriver version (114.0.5735.90) detected in PATH at C:\Users\User\AppData\Local\Programs\Python\Python311\Scripts\chromedriver.exe might not be compatible with the detected chrome version (115.0.5790.171); currently, chromedriver 115.0.5790.170 is recommended for chrome 115.*, so it is advised to delete the driver in PATH and retry</msg>
<status status="PASS" starttime="20230817 18:11:44.602" endtime="20230817 18:11:51.729"/>
</kw>
<kw name="Maximize Browser Window" library="SeleniumLibrary">
<doc>Maximizes current browser window.</doc>
<status status="PASS" starttime="20230817 18:11:51.729" endtime="20230817 18:11:51.847"/>
</kw>
<status status="PASS" starttime="20230817 18:11:44.601" endtime="20230817 18:11:51.847"/>
</kw>
<kw name="Click Login Link" library="LoginKeywords">
<kw name="Click Link" library="SeleniumLibrary">
<arg>${link_loginSignup}</arg>
<doc>Clicks a link identified by ``locator``.</doc>
<msg timestamp="20230817 18:11:51.849" level="INFO">Clicking link 'xpath://a[normalize-space()='Signup / Login']'.</msg>
<status status="PASS" starttime="20230817 18:11:51.848" endtime="20230817 18:11:53.159"/>
</kw>
<status status="PASS" starttime="20230817 18:11:51.848" endtime="20230817 18:11:53.160"/>
</kw>
<kw name="Enter Email" library="LoginKeywords">
<arg>${email}</arg>
<kw name="Input Text" library="SeleniumLibrary">
<arg>${txt_loginUserEmail}</arg>
<arg>${Email}</arg>
<doc>Types the given ``text`` into the text field identified by ``locator``.</doc>
<msg timestamp="20230817 18:11:53.162" level="INFO">Typing text 'automation01@gmail.com' into text field 'css:input[data-qa='login-email']'.</msg>
<status status="PASS" starttime="20230817 18:11:53.161" endtime="20230817 18:11:53.291"/>
</kw>
<status status="PASS" starttime="20230817 18:11:53.160" endtime="20230817 18:11:53.291"/>
</kw>
<kw name="Enter Password" library="LoginKeywords">
<arg>${pwd}</arg>
<kw name="Input Text" library="SeleniumLibrary">
<arg>${txt_loginPassword}</arg>
<arg>${Password}</arg>
<doc>Types the given ``text`` into the text field identified by ``locator``.</doc>
<msg timestamp="20230817 18:11:53.293" level="INFO">Typing text '123456!a' into text field 'css:input[placeholder='Password']'.</msg>
<status status="PASS" starttime="20230817 18:11:53.292" endtime="20230817 18:11:53.459"/>
</kw>
<status status="PASS" starttime="20230817 18:11:53.292" endtime="20230817 18:11:53.459"/>
</kw>
<kw name="Click SignIn Btn" library="LoginKeywords">
<kw name="Click Button" library="SeleniumLibrary">
<arg>${btn_signIn}</arg>
<doc>Clicks the button identified by ``locator``.</doc>
<msg timestamp="20230817 18:11:53.461" level="INFO">Clicking button 'css:button[data-qa='login-button']'.</msg>
<status status="PASS" starttime="20230817 18:11:53.461" endtime="20230817 18:12:32.027"/>
</kw>
<status status="PASS" starttime="20230817 18:11:53.460" endtime="20230817 18:12:32.027"/>
</kw>
<kw name="Verify Successfull Login" library="LoginKeywords">
<kw name="Get Text" library="SeleniumLibrary">
<var>${Login_User_Name}</var>
<arg>css:li a&gt;b</arg>
<doc>Returns the text value of the element identified by ``locator``.</doc>
<msg timestamp="20230817 18:12:32.055" level="INFO">${Login_User_Name} = Automation</msg>
<status status="PASS" starttime="20230817 18:12:32.028" endtime="20230817 18:12:32.055"/>
</kw>
<kw name="Should Be Equal As Strings" library="BuiltIn">
<arg>${Login_User_Name}</arg>
<arg>Automation</arg>
<doc>Fails if objects are unequal after converting them to strings.</doc>
<status status="PASS" starttime="20230817 18:12:32.055" endtime="20230817 18:12:32.055"/>
</kw>
<status status="PASS" starttime="20230817 18:12:32.028" endtime="20230817 18:12:32.056"/>
</kw>
<kw name="Sleep" library="BuiltIn">
<arg>2s</arg>
<doc>Pauses the test executed for the given time.</doc>
<msg timestamp="20230817 18:12:34.056" level="INFO">Slept 2 seconds</msg>
<status status="PASS" starttime="20230817 18:12:32.056" endtime="20230817 18:12:34.056"/>
</kw>
<kw name="Close My Browser" library="LoginKeywords">
<kw name="Close Browser" library="SeleniumLibrary">
<doc>Closes the current browser.</doc>
<status status="PASS" starttime="20230817 18:12:34.056" endtime="20230817 18:12:36.225"/>
</kw>
<status status="PASS" starttime="20230817 18:12:34.056" endtime="20230817 18:12:36.225"/>
</kw>
<status status="PASS" starttime="20230817 18:11:44.601" endtime="20230817 18:12:36.226"/>
</test>
<status status="PASS" starttime="20230817 18:11:44.344" endtime="20230817 18:12:36.227"/>
</suite>
<status status="PASS" starttime="20230817 18:11:44.341" endtime="20230817 18:12:36.229"/>
</suite>
<status status="PASS" starttime="20230817 18:11:44.313" endtime="20230817 18:12:36.230"/>
</suite>
<statistics>
<total>
<stat pass="1" fail="0" skip="0">All Tests</stat>
</total>
<tag>
</tag>
<suite>
<stat pass="1" fail="0" skip="0" id="s1" name="RobotFramework">RobotFramework</stat>
<stat pass="1" fail="0" skip="0" id="s1-s1" name="Tests">RobotFramework.Tests</stat>
<stat pass="1" fail="0" skip="0" id="s1-s1-s1" name="LoginTestPOM">RobotFramework.Tests.LoginTestPOM</stat>
</suite>
</statistics>
<errors>
<msg timestamp="20230817 18:11:45.093" level="WARN">The chromedriver version (114.0.5735.90) detected in PATH at C:\Users\User\AppData\Local\Programs\Python\Python311\Scripts\chromedriver.exe might not be compatible with the detected chrome version (115.0.5790.171); currently, chromedriver 115.0.5790.170 is recommended for chrome 115.*, so it is advised to delete the driver in PATH and retry</msg>
</errors>
</robot>
