<?xml version="1.0" encoding="UTF-8"?>
<robot generator="Robot 6.1.1 (Python 3.11.4 on win32)" generated="20230829 17:33:13.787" rpa="false" schemaversion="4">
<suite id="s1" name="RobotFramework" source="C:\Users\User\PycharmProjects\RobotFramework">
<suite id="s1-s1" name="Tests" source="C:\Users\User\PycharmProjects\RobotFramework\tests">
<suite id="s1-s1-s1" name="LoginTestPOM" source="C:\Users\User\PycharmProjects\RobotFramework\tests\LoginTestPOM.robot">
<test id="s1-s1-s1-t1" name="Login Test" line="13">
<kw name="Open My Browser" library="LoginKeywords">
<arg>${SiteUrl}</arg>
<arg>${Browser}</arg>
<kw name="Open Browser" library="SeleniumLibrary">
<arg>${SiteUrl}</arg>
<arg>${Browser}</arg>
<doc>Opens a new browser instance to the optional ``url``.</doc>
<msg timestamp="20230829 17:33:14.307" level="INFO">Opening browser 'chrome' to base url 'https://www.automationexercise.com/'.</msg>
<status status="PASS" starttime="20230829 17:33:14.306" endtime="20230829 17:34:11.279"/>
</kw>
<kw name="Maximize Browser Window" library="SeleniumLibrary">
<doc>Maximizes current browser window.</doc>
<status status="PASS" starttime="20230829 17:34:11.279" endtime="20230829 17:34:11.393"/>
</kw>
<kw name="Set Selenium Implicit Wait" library="SeleniumLibrary">
<arg>10s</arg>
<doc>Sets the implicit wait value used by Selenium.</doc>
<status status="PASS" starttime="20230829 17:34:11.394" endtime="20230829 17:34:11.395"/>
</kw>
<status status="PASS" starttime="20230829 17:33:14.306" endtime="20230829 17:34:11.395"/>
</kw>
<kw name="Click Login Link" library="LoginKeywords">
<kw name="Click Link" library="SeleniumLibrary">
<arg>${link_loginSignup_xpath}</arg>
<doc>Clicks a link identified by ``locator``.</doc>
<msg timestamp="20230829 17:34:11.396" level="INFO">Clicking link 'xpath://a[normalize-space()='Signup / Login']'.</msg>
<status status="PASS" starttime="20230829 17:34:11.396" endtime="20230829 17:34:14.430"/>
</kw>
<status status="PASS" starttime="20230829 17:34:11.395" endtime="20230829 17:34:14.430"/>
</kw>
<kw name="Enter Email" library="LoginKeywords">
<arg>${email}</arg>
<kw name="Input Text" library="SeleniumLibrary">
<arg>${txt_loginUserEmail_css}</arg>
<arg>${Email}</arg>
<doc>Types the given ``text`` into the text field identified by ``locator``.</doc>
<msg timestamp="20230829 17:34:14.431" level="INFO">Typing text 'automation01@gmail.com' into text field 'css:input[data-qa='login-email']'.</msg>
<status status="PASS" starttime="20230829 17:34:14.431" endtime="20230829 17:34:15.290"/>
</kw>
<status status="PASS" starttime="20230829 17:34:14.430" endtime="20230829 17:34:15.290"/>
</kw>
<kw name="Enter Password" library="LoginKeywords">
<arg>${pwd}</arg>
<kw name="Input Text" library="SeleniumLibrary">
<arg>${txt_loginPassword_css}</arg>
<arg>${Password}</arg>
<doc>Types the given ``text`` into the text field identified by ``locator``.</doc>
<msg timestamp="20230829 17:34:15.292" level="INFO">Typing text '123456!a' into text field 'css:input[placeholder='Password']'.</msg>
<status status="PASS" starttime="20230829 17:34:15.291" endtime="20230829 17:34:15.463"/>
</kw>
<status status="PASS" starttime="20230829 17:34:15.291" endtime="20230829 17:34:15.463"/>
</kw>
<kw name="Click SignIn Btn" library="LoginKeywords">
<kw name="Click Button" library="SeleniumLibrary">
<arg>${btn_signIn_css}</arg>
<doc>Clicks the button identified by ``locator``.</doc>
<msg timestamp="20230829 17:34:15.465" level="INFO">Clicking button 'css:button[data-qa='login-button']'.</msg>
<status status="PASS" starttime="20230829 17:34:15.464" endtime="20230829 17:35:06.564"/>
</kw>
<status status="PASS" starttime="20230829 17:34:15.464" endtime="20230829 17:35:06.564"/>
</kw>
<kw name="Verify Successfull Login" library="LoginKeywords">
<kw name="Sleep" library="BuiltIn">
<arg>2s</arg>
<doc>Pauses the test executed for the given time.</doc>
<msg timestamp="20230829 17:35:08.664" level="INFO">Slept 2 seconds</msg>
<status status="PASS" starttime="20230829 17:35:06.663" endtime="20230829 17:35:08.664"/>
</kw>
<kw name="Get Text" library="SeleniumLibrary">
<var>${Login_User_Name}</var>
<arg>${expected_username_css}</arg>
<doc>Returns the text value of the element identified by ``locator``.</doc>
<msg timestamp="20230829 17:35:08.773" level="INFO">${Login_User_Name} = Automation</msg>
<status status="PASS" starttime="20230829 17:35:08.664" endtime="20230829 17:35:08.773"/>
</kw>
<kw name="Should Be Equal As Strings" library="BuiltIn">
<arg>${Login_User_Name}</arg>
<arg>Automation</arg>
<doc>Fails if objects are unequal after converting them to strings.</doc>
<status status="PASS" starttime="20230829 17:35:08.774" endtime="20230829 17:35:08.774"/>
</kw>
<status status="PASS" starttime="20230829 17:35:06.564" endtime="20230829 17:35:08.774"/>
</kw>
<kw name="Close My Browser" library="LoginKeywords">
<kw name="Close Browser" library="SeleniumLibrary">
<doc>Closes the current browser.</doc>
<status status="PASS" starttime="20230829 17:35:08.775" endtime="20230829 17:35:11.109"/>
</kw>
<status status="PASS" starttime="20230829 17:35:08.774" endtime="20230829 17:35:11.110"/>
</kw>
<status status="PASS" starttime="20230829 17:33:14.303" endtime="20230829 17:35:11.110"/>
</test>
<status status="PASS" starttime="20230829 17:33:13.828" endtime="20230829 17:35:11.111"/>
</suite>
<status status="PASS" starttime="20230829 17:33:13.825" endtime="20230829 17:35:11.113"/>
</suite>
<status status="PASS" starttime="20230829 17:33:13.791" endtime="20230829 17:35:11.114"/>
</suite>
<statistics>
<total>
<stat pass="1" fail="0" skip="0">All Tests</stat>
</total>
<tag>
</tag>
<suite>
<stat pass="1" fail="0" skip="0" id="s1" name="RobotFramework">RobotFramework</stat>
<stat pass="1" fail="0" skip="0" id="s1-s1" name="Tests">RobotFramework.Tests</stat>
<stat pass="1" fail="0" skip="0" id="s1-s1-s1" name="LoginTestPOM">RobotFramework.Tests.LoginTestPOM</stat>
</suite>
</statistics>
<errors>
</errors>
</robot>
