<?xml version="1.0" encoding="UTF-8"?>
<robot generator="Robot 6.1.1 (Python 3.11.4 on win32)" generated="20230816 21:48:28.032" rpa="false" schemaversion="4">
<suite id="s1" name="RobotFramework" source="C:\Users\User\PycharmProjects\RobotFramework">
<suite id="s1-s1" name="Tests" source="C:\Users\User\PycharmProjects\RobotFramework\tests">
<suite id="s1-s1-s1" name="Amazon" source="C:\Users\User\PycharmProjects\RobotFramework\tests\Amazon.robot">
<test id="s1-s1-s1-t1" name="Amazon sayfasina git" line="5">
<kw name="Open Browser" library="SeleniumLibrary">
<arg>https://www.automationexercise.com/</arg>
<arg>chrome</arg>
<doc>Opens a new browser instance to the optional ``url``.</doc>
<msg timestamp="20230816 21:48:28.323" level="INFO">Opening browser 'chrome' to base url 'https://www.automationexercise.com/'.</msg>
<msg timestamp="20230816 21:48:29.974" level="WARN">The chromedriver version (114.0.5735.90) detected in PATH at C:\Users\User\AppData\Local\Programs\Python\Python311\Scripts\chromedriver.exe might not be compatible with the detected chrome version (115.0.5790.171); currently, chromedriver 115.0.5790.170 is recommended for chrome 115.*, so it is advised to delete the driver in PATH and retry</msg>
<status status="PASS" starttime="20230816 21:48:28.322" endtime="20230816 21:48:41.914"/>
</kw>
<kw name="Maximize Browser Window" library="SeleniumLibrary">
<doc>Maximizes current browser window.</doc>
<status status="PASS" starttime="20230816 21:48:41.915" endtime="20230816 21:48:42.028"/>
</kw>
<kw name="Title Should Be" library="SeleniumLibrary">
<arg>Automation Exercise</arg>
<doc>Verifies that the current page title equals ``title``.</doc>
<msg timestamp="20230816 21:48:42.034" level="INFO">Page title is 'Automation Exercise'.</msg>
<status status="PASS" starttime="20230816 21:48:42.029" endtime="20230816 21:48:42.034"/>
</kw>
<kw name="Sleep" library="BuiltIn">
<arg>2s</arg>
<doc>Pauses the test executed for the given time.</doc>
<msg timestamp="20230816 21:48:44.035" level="INFO">Slept 2 seconds</msg>
<status status="PASS" starttime="20230816 21:48:42.034" endtime="20230816 21:48:44.035"/>
</kw>
<kw name="Close Browser" library="SeleniumLibrary">
<doc>Closes the current browser.</doc>
<status status="PASS" starttime="20230816 21:48:44.035" endtime="20230816 21:48:46.322"/>
</kw>
<status status="PASS" starttime="20230816 21:48:28.321" endtime="20230816 21:48:46.322"/>
</test>
<status status="PASS" starttime="20230816 21:48:28.064" endtime="20230816 21:48:46.325"/>
</suite>
<status status="PASS" starttime="20230816 21:48:28.062" endtime="20230816 21:48:46.328"/>
</suite>
<status status="PASS" starttime="20230816 21:48:28.035" endtime="20230816 21:48:46.330"/>
</suite>
<statistics>
<total>
<stat pass="1" fail="0" skip="0">All Tests</stat>
</total>
<tag>
</tag>
<suite>
<stat pass="1" fail="0" skip="0" id="s1" name="RobotFramework">RobotFramework</stat>
<stat pass="1" fail="0" skip="0" id="s1-s1" name="Tests">RobotFramework.Tests</stat>
<stat pass="1" fail="0" skip="0" id="s1-s1-s1" name="Amazon">RobotFramework.Tests.Amazon</stat>
</suite>
</statistics>
<errors>
<msg timestamp="20230816 21:48:29.974" level="WARN">The chromedriver version (114.0.5735.90) detected in PATH at C:\Users\User\AppData\Local\Programs\Python\Python311\Scripts\chromedriver.exe might not be compatible with the detected chrome version (115.0.5790.171); currently, chromedriver 115.0.5790.170 is recommended for chrome 115.*, so it is advised to delete the driver in PATH and retry</msg>
</errors>
</robot>
